0 info it worked if it ends with ok
1 verbose cli [ '/home/ubuntu/.nvm/versions/node/v4.4.7/bin/node',
1 verbose cli   '/home/ubuntu/.nvm/versions/node/v4.4.7/bin/npm',
1 verbose cli   'i' ]
2 info using npm@2.15.8
3 info using node@v4.4.7
4 verbose readDependencies loading dependencies from /home/ubuntu/workspace/workspace/scripts/package.json
5 warn package.json @smartface/sf-calendar-component@1.0.16 No README data
6 verbose install where, deps [ '/home/ubuntu/workspace/workspace/scripts',
6 verbose install   [ 'moment',
6 verbose install     '@smartface/sf-calendar-component',
6 verbose install     '@smartface/styler',
6 verbose install     'sf-core' ] ]
7 verbose install where, peers [ '/home/ubuntu/workspace/workspace/scripts', [] ]
8 verbose installManyTop reading for lifecycle /home/ubuntu/workspace/workspace/scripts/package.json
9 info preinstall @smartface/sf-calendar-component@1.0.16
10 verbose unsafe-perm in lifecycle true
11 info @smartface/sf-calendar-component@1.0.16 Failed to exec preinstall script
12 verbose stack Error: @smartface/sf-calendar-component@1.0.16 preinstall: `mkdir -p node_modules && cp -r ./library ./node_modules/library 2> dev/null && rm -r ./library`
12 verbose stack Exit status 2
12 verbose stack     at EventEmitter.<anonymous> (/home/ubuntu/.nvm/versions/node/v4.4.7/lib/node_modules/npm/lib/utils/lifecycle.js:217:16)
12 verbose stack     at emitTwo (events.js:87:13)
12 verbose stack     at EventEmitter.emit (events.js:172:7)
12 verbose stack     at ChildProcess.<anonymous> (/home/ubuntu/.nvm/versions/node/v4.4.7/lib/node_modules/npm/lib/utils/spawn.js:24:14)
12 verbose stack     at emitTwo (events.js:87:13)
12 verbose stack     at ChildProcess.emit (events.js:172:7)
12 verbose stack     at maybeClose (internal/child_process.js:827:16)
12 verbose stack     at Process.ChildProcess._handle.onexit (internal/child_process.js:211:5)
13 verbose pkgid @smartface/sf-calendar-component@1.0.16
14 verbose cwd /home/ubuntu/workspace/workspace/scripts
15 error Linux 4.9.17-c9
16 error argv "/home/ubuntu/.nvm/versions/node/v4.4.7/bin/node" "/home/ubuntu/.nvm/versions/node/v4.4.7/bin/npm" "i"
17 error node v4.4.7
18 error npm  v2.15.8
19 error code ELIFECYCLE
20 error @smartface/sf-calendar-component@1.0.16 preinstall: `mkdir -p node_modules && cp -r ./library ./node_modules/library 2> dev/null && rm -r ./library`
20 error Exit status 2
21 error Failed at the @smartface/sf-calendar-component@1.0.16 preinstall script 'mkdir -p node_modules && cp -r ./library ./node_modules/library 2> dev/null && rm -r ./library'.
21 error This is most likely a problem with the @smartface/sf-calendar-component package,
21 error not with npm itself.
21 error Tell the author that this fails on your system:
21 error     mkdir -p node_modules && cp -r ./library ./node_modules/library 2> dev/null && rm -r ./library
21 error You can get information on how to open an issue for this project with:
21 error     npm bugs @smartface/sf-calendar-component
21 error Or if that isn't available, you can get their info via:
21 error
21 error     npm owner ls @smartface/sf-calendar-component
21 error There is likely additional logging output above.
22 verbose exit [ 1, true ]
